# JRE version: OpenJDK Runtime Environment (8.0_181-b13) (build 1.8.0_181-8u181-b13-0ubuntu0.16.04.1-b13)
# Java VM: OpenJDK 64-Bit Server VM (25.181-b13 mixed mode linux-amd64 compressed oops)
Heap:
 def new generation   total 40640K, used 0K [0x00000000c0000000, 0x00000000c2c10000, 0x00000000d5550000)
  eden space 36160K,   0% used [0x00000000c0000000, 0x00000000c0000000, 0x00000000c2350000)
  from space 4480K,   0% used [0x00000000c27b0000, 0x00000000c27b0000, 0x00000000c2c10000)
  to   space 4480K,   0% used [0x00000000c2350000, 0x00000000c2350000, 0x00000000c27b0000)
 tenured generation   total 106480K, used 88490K [0x00000000d5550000, 0x00000000dbd4c000, 0x0000000100000000)
   the space 106480K,  83% used [0x00000000d5550000, 0x00000000dabbabc0, 0x00000000dabbac00, 0x00000000dbd4c000)
 Metaspace       used 70798K, capacity 71974K, committed 72152K, reserved 1112064K
  class space    used 10226K, capacity 10437K, committed 10456K, reserved 1048576K
GC Heap History (10 events):
Event: 18.643 GC heap after
Heap after GC invocations=192 (full 7):
 def new generation   total 29248K, used 834K [0x00000000c0000000, 0x00000000c1fb0000, 0x00000000d5550000)
  eden space 26048K,   0% used [0x00000000c0000000, 0x00000000c0000000, 0x00000000c1970000)
  from space 3200K,  26% used [0x00000000c1c90000, 0x00000000c1d60b28, 0x00000000c1fb0000)
  to   space 3200K,   0% used [0x00000000c1970000, 0x00000000c1970000, 0x00000000c1c90000)
 tenured generation   total 64768K, used 59166K [0x00000000d5550000, 0x00000000d9490000, 0x0000000100000000)
   the space 64768K,  91% used [0x00000000d5550000, 0x00000000d8f178d0, 0x00000000d8f17a00, 0x00000000d9490000)
 Metaspace       used 70443K, capacity 71514K, committed 71640K, reserved 1110016K
  class space    used 10190K, capacity 10384K, committed 10456K, reserved 1048576K
}
Event: 18.717 GC heap before
{Heap before GC invocations=192 (full 7):
 def new generation   total 29248K, used 21561K [0x00000000c0000000, 0x00000000c1fb0000, 0x00000000d5550000)
  eden space 26048K,  79% used [0x00000000c0000000, 0x00000000c143db60, 0x00000000c1970000)
  from space 3200K,  26% used [0x00000000c1c90000, 0x00000000c1d60b28, 0x00000000c1fb0000)
  to   space 3200K,   0% used [0x00000000c1970000, 0x00000000c1970000, 0x00000000c1c90000)
 tenured generation   total 64768K, used 59166K [0x00000000d5550000, 0x00000000d9490000, 0x0000000100000000)
   the space 64768K,  91% used [0x00000000d5550000, 0x00000000d8f178d0, 0x00000000d8f17a00, 0x00000000d9490000)
 Metaspace       used 70458K, capacity 71526K, committed 71640K, reserved 1110016K
  class space    used 10191K, capacity 10386K, committed 10456K, reserved 1048576K
Event: 18.719 GC heap after
Heap after GC invocations=193 (full 7):
 def new generation   total 29248K, used 352K [0x00000000c0000000, 0x00000000c1fb0000, 0x00000000d5550000)
  eden space 26048K,   0% used [0x00000000c0000000, 0x00000000c0000000, 0x00000000c1970000)
  from space 3200K,  11% used [0x00000000c1970000, 0x00000000c19c8100, 0x00000000c1c90000)
  to   space 3200K,   0% used [0x00000000c1c90000, 0x00000000c1c90000, 0x00000000c1fb0000)
 tenured generation   total 64768K, used 59166K [0x00000000d5550000, 0x00000000d9490000, 0x0000000100000000)
   the space 64768K,  91% used [0x00000000d5550000, 0x00000000d8f178d0, 0x00000000d8f17a00, 0x00000000d9490000)
 Metaspace       used 70458K, capacity 71526K, committed 71640K, reserved 1110016K
  class space    used 10191K, capacity 10386K, committed 10456K, reserved 1048576K
}
Event: 18.787 GC heap before
{Heap before GC invocations=193 (full 7):
 def new generation   total 29248K, used 26400K [0x00000000c0000000, 0x00000000c1fb0000, 0x00000000d5550000)
  eden space 26048K, 100% used [0x00000000c0000000, 0x00000000c1970000, 0x00000000c1970000)
  from space 3200K,  11% used [0x00000000c1970000, 0x00000000c19c8100, 0x00000000c1c90000)
  to   space 3200K,   0% used [0x00000000c1c90000, 0x00000000c1c90000, 0x00000000c1fb0000)
 tenured generation   total 64768K, used 59166K [0x00000000d5550000, 0x00000000d9490000, 0x0000000100000000)
   the space 64768K,  91% used [0x00000000d5550000, 0x00000000d8f178d0, 0x00000000d8f17a00, 0x00000000d9490000)
 Metaspace       used 70487K, capacity 71558K, committed 71640K, reserved 1110016K
  class space    used 10193K, capacity 10418K, committed 10456K, reserved 1048576K
Event: 19.048 GC heap after
Heap after GC invocations=194 (full 8):
 def new generation   total 40640K, used 0K [0x00000000c0000000, 0x00000000c2c10000, 0x00000000d5550000)
  eden space 36160K,   0% used [0x00000000c0000000, 0x00000000c0000000, 0x00000000c2350000)
  from space 4480K,   0% used [0x00000000c2350000, 0x00000000c2350000, 0x00000000c27b0000)
  to   space 4480K,   0% used [0x00000000c27b0000, 0x00000000c27b0000, 0x00000000c2c10000)
 tenured generation   total 90092K, used 54054K [0x00000000d5550000, 0x00000000dad4b000, 0x0000000100000000)
   the space 90092K,  59% used [0x00000000d5550000, 0x00000000d8a19ad0, 0x00000000d8a19c00, 0x00000000dad4b000)
 Metaspace       used 70476K, capacity 71540K, committed 71640K, reserved 1110016K
  class space    used 10191K, capacity 10415K, committed 10456K, reserved 1048576K
}
Event: 19.227 GC heap before
{Heap before GC invocations=194 (full 8):
 def new generation   total 40640K, used 36160K [0x00000000c0000000, 0x00000000c2c10000, 0x00000000d5550000)
  eden space 36160K, 100% used [0x00000000c0000000, 0x00000000c2350000, 0x00000000c2350000)
  from space 4480K,   0% used [0x00000000c2350000, 0x00000000c2350000, 0x00000000c27b0000)
  to   space 4480K,   0% used [0x00000000c27b0000, 0x00000000c27b0000, 0x00000000c2c10000)
 tenured generation   total 90092K, used 54054K [0x00000000d5550000, 0x00000000dad4b000, 0x0000000100000000)
   the space 90092K,  59% used [0x00000000d5550000, 0x00000000d8a19ad0, 0x00000000d8a19c00, 0x00000000dad4b000)
 Metaspace       used 70538K, capacity 71640K, committed 71896K, reserved 1110016K
  class space    used 10202K, capacity 10421K, committed 10456K, reserved 1048576K
Event: 19.250 GC heap after
Heap after GC invocations=195 (full 8):
 def new generation   total 40640K, used 566K [0x00000000c0000000, 0x00000000c2c10000, 0x00000000d5550000)
  eden space 36160K,   0% used [0x00000000c0000000, 0x00000000c0000000, 0x00000000c2350000)
  from space 4480K,  12% used [0x00000000c27b0000, 0x00000000c283d998, 0x00000000c2c10000)
  to   space 4480K,   0% used [0x00000000c2350000, 0x00000000c2350000, 0x00000000c27b0000)
 tenured generation   total 90092K, used 70438K [0x00000000d5550000, 0x00000000dad4b000, 0x0000000100000000)
   the space 90092K,  78% used [0x00000000d5550000, 0x00000000d9a19ae0, 0x00000000d9a19c00, 0x00000000dad4b000)
 Metaspace       used 70538K, capacity 71640K, committed 71896K, reserved 1110016K
  class space    used 10202K, capacity 10421K, committed 10456K, reserved 1048576K
}
Event: 19.423 GC heap before
{Heap before GC invocations=195 (full 8):
 def new generation   total 40640K, used 36258K [0x00000000c0000000, 0x00000000c2c10000, 0x00000000d5550000)
  eden space 36160K,  98% used [0x00000000c0000000, 0x00000000c22db198, 0x00000000c2350000)
  from space 4480K,  12% used [0x00000000c27b0000, 0x00000000c283d998, 0x00000000c2c10000)
  to   space 4480K,   0% used [0x00000000c2350000, 0x00000000c2350000, 0x00000000c27b0000)
 tenured generation   total 90092K, used 70438K [0x00000000d5550000, 0x00000000dad4b000, 0x0000000100000000)
   the space 90092K,  78% used [0x00000000d5550000, 0x00000000d9a19ae0, 0x00000000d9a19c00, 0x00000000dad4b000)
 Metaspace       used 70724K, capacity 71892K, committed 72152K, reserved 1112064K
  class space    used 10224K, capacity 10434K, committed 10456K, reserved 1048576K
Event: 19.509 GC heap after
Heap after GC invocations=196 (full 8):
 def new generation   total 40640K, used 569K [0x00000000c0000000, 0x00000000c2c10000, 0x00000000d5550000)
  eden space 36160K,   0% used [0x00000000c0000000, 0x00000000c0000000, 0x00000000c2350000)
  from space 4480K,  12% used [0x00000000c2350000, 0x00000000c23de688, 0x00000000c27b0000)
  to   space 4480K,   0% used [0x00000000c27b0000, 0x00000000c27b0000, 0x00000000c2c10000)
 tenured generation   total 90092K, used 86822K [0x00000000d5550000, 0x00000000dad4b000, 0x0000000100000000)
   the space 90092K,  96% used [0x00000000d5550000, 0x00000000daa19af0, 0x00000000daa19c00, 0x00000000dad4b000)
 Metaspace       used 70724K, capacity 71892K, committed 72152K, reserved 1112064K
  class space    used 10224K, capacity 10434K, committed 10456K, reserved 1048576K
}
Event: 19.676 GC heap before
{Heap before GC invocations=196 (full 8):
 def new generation   total 40640K, used 36729K [0x00000000c0000000, 0x00000000c2c10000, 0x00000000d5550000)
  eden space 36160K, 100% used [0x00000000c0000000, 0x00000000c2350000, 0x00000000c2350000)
  from space 4480K,  12% used [0x00000000c2350000, 0x00000000c23de688, 0x00000000c27b0000)
  to   space 4480K,   0% used [0x00000000c27b0000, 0x00000000c27b0000, 0x00000000c2c10000)
 tenured generation   total 90092K, used 86822K [0x00000000d5550000, 0x00000000dad4b000, 0x0000000100000000)
   the space 90092K,  96% used [0x00000000d5550000, 0x00000000daa19af0, 0x00000000daa19c00, 0x00000000dad4b000)
 Metaspace       used 70798K, capacity 71974K, committed 72152K, reserved 1112064K
  class space    used 10226K, capacity 10437K, committed 10456K, reserved 1048576K

